<?xml version="1.0" encoding="UTF-8"?>
<!-- Generated by org.testng.reporters.JUnitReportReporter -->
<testsuite hostname="lwo1-dmc-a01682.local" failures="0" tests="1" name="user" time="1.695" errors="0" timestamp="2021-11-22T11:50:11 EET" skipped="0">
  <testcase classname="user" name="getPetsByID20" time="1.695"/>
  <system-out/>
</testsuite> <!-- user -->
