<?xml version="1.0" encoding="UTF-8"?>
<!-- Generated by org.testng.reporters.JUnitReportReporter -->
<testsuite hostname="lwo1-dmc-a01682.local" failures="0" tests="2" name="Test01_Get" time="3.232" errors="0" timestamp="2021-11-14T20:38:27 EET" skipped="0">
  <testcase classname="Test01_Get" name="getResponseBodyTest" time="2.350"/>
  <system-out/>
  <testcase classname="Test01_Get" name="getResponseBodyTest2" time="0.882"/>
  <system-out/>
</testsuite> <!-- Test01_Get -->
