<?xml version="1.0" encoding="UTF-8"?>
<!-- Generated by org.testng.reporters.JUnitReportReporter -->
<testsuite hostname="lwo1-dmc-a01682.local" failures="0" tests="4" name="store" time="4.527" errors="0" timestamp="2021-11-23T11:11:02 EET" skipped="0">
  <testcase classname="store" name="getPetInvenroriesByStatus" time="0.854"/>
  <system-out/>
  <testcase classname="store" name="postNewPet" time="0.898"/>
  <system-out/>
  <testcase classname="store" name="deleteOrderByID" time="1.622"/>
  <system-out/>
  <testcase classname="store" name="getOrderByID" time="1.153"/>
  <system-out/>
</testsuite> <!-- store -->
