<?xml version="1.0" encoding="UTF-8"?>
<!-- Generated by org.testng.reporters.JUnitReportReporter -->
<testsuite hostname="lwo1-dmc-a01682.local" failures="0" tests="1" name="user" time="4.296" errors="0" timestamp="2021-11-23T10:36:06 EET" skipped="0">
  <testcase classname="user" name="getUserByUserName" time="4.296"/>
  <system-out/>
</testsuite> <!-- user -->
