<?xml version="1.0" encoding="UTF-8"?>
<!-- Generated by org.testng.reporters.JUnitReportReporter -->
<testsuite hostname="lwo1-dmc-a01682.local" failures="0" tests="1" name="Test03_Get" time="1.781" errors="0" timestamp="2021-11-17T12:08:08 EET" skipped="0">
  <testcase classname="Test03_Get" name="getResponseBodyTest" time="1.781"/>
  <system-out/>
</testsuite> <!-- Test03_Get -->
