<?xml version="1.0" encoding="UTF-8"?>
<!-- Generated by org.testng.reporters.JUnitReportReporter -->
<testsuite hostname="lwo1-dmc-a01682.local" failures="0" tests="5" name="pet" time="6.491" errors="0" timestamp="2021-11-23T10:34:46 EET" skipped="0">
  <testcase classname="pet" name="getPetsByID17" time="0.840"/>
  <system-out/>
  <testcase classname="pet" name="getPetsWithAvailableStatus" time="1.586"/>
  <system-out/>
  <testcase classname="pet" name="getPetsByID15" time="1.739"/>
  <system-out/>
  <testcase classname="pet" name="getPetsWithPendingStatus" time="1.175"/>
  <system-out/>
  <testcase classname="pet" name="getPetsWithSoldStatus" time="1.151"/>
  <system-out/>
</testsuite> <!-- pet -->
