<?xml version="1.0" encoding="UTF-8"?>
<!-- Generated by org.testng.reporters.JUnitReportReporter -->
<testsuite hostname="lwo1-dmc-a01682.local" failures="0" tests="1" name="Test02_Get" time="2.101" errors="0" timestamp="2021-11-14T20:44:12 EET" skipped="0">
  <testcase classname="Test02_Get" name="getResponseBodyTest" time="2.101"/>
  <system-out/>
</testsuite> <!-- Test02_Get -->
