<?xml version="1.0" encoding="UTF-8"?>
<!-- Generated by org.testng.reporters.JUnitReportReporter -->
<testsuite hostname="lwo1-dmc-a01682.local" failures="0" tests="3" name="store" time="3.451" errors="0" timestamp="2021-11-22T11:51:17 EET" skipped="0">
  <testcase classname="store" name="deleteOrderByID" time="1.495"/>
  <system-out/>
  <testcase classname="store" name="getOrderByID" time="1.134"/>
  <system-out/>
  <testcase classname="store" name="postNewPet" time="0.822"/>
  <system-out/>
</testsuite> <!-- store -->
